# JRE version: OpenJDK Runtime Environment Temurin-17.0.7+7 (17.0.7+7) (build 17.0.7+7)
# Java VM: OpenJDK 64-Bit Server VM Temurin-17.0.7+7 (17.0.7+7, mixed mode, tiered, compressed oops, compressed class ptrs, g1 gc, windows-amd64)
GC Precious Log:
 CPUs: 8 total, 8 available
 Memory: 16235M
 Large Page Support: Disabled
 NUMA Support: Disabled
 Compressed Oops: Enabled (Zero based)
 Heap Region Size: 2M
 Heap Min Capacity: 8M
 Heap Initial Capacity: 254M
 Heap Max Capacity: 4060M
 Pre-touch: Disabled
 Parallel Workers: 8
 Concurrent Workers: 2
 Concurrent Refinement Workers: 8
 Periodic GC: Disabled
Heap:
 garbage-first heap   total 288768K, used 101684K [0x0000000702400000, 0x0000000800000000)
  region size 2048K, 11 young (22528K), 3 survivors (6144K)
 Metaspace       used 50217K, committed 50624K, reserved 1114112K
  class space    used 5395K, committed 5632K, reserved 1048576K
GC Heap History (20 events):
Event: 5.650 GC heap before
{Heap before GC invocations=10 (full 0):
 garbage-first heap   total 151552K, used 79885K [0x0000000702400000, 0x0000000800000000)
  region size 2048K, 32 young (65536K), 5 survivors (10240K)
 Metaspace       used 35717K, committed 35968K, reserved 1114112K
  class space    used 3842K, committed 3968K, reserved 1048576K
}
Event: 5.670 GC heap after
{Heap after GC invocations=11 (full 0):
 garbage-first heap   total 151552K, used 40277K [0x0000000702400000, 0x0000000800000000)
  region size 2048K, 6 young (12288K), 6 survivors (12288K)
 Metaspace       used 35717K, committed 35968K, reserved 1114112K
  class space    used 3842K, committed 3968K, reserved 1048576K
}
Event: 7.797 GC heap before
{Heap before GC invocations=12 (full 0):
 garbage-first heap   total 151552K, used 103765K [0x0000000702400000, 0x0000000800000000)
  region size 2048K, 37 young (75776K), 6 survivors (12288K)
 Metaspace       used 38325K, committed 38656K, reserved 1114112K
  class space    used 4113K, committed 4288K, reserved 1048576K
}
Event: 7.808 GC heap after
{Heap after GC invocations=13 (full 0):
 garbage-first heap   total 151552K, used 44226K [0x0000000702400000, 0x0000000800000000)
  region size 2048K, 2 young (4096K), 2 survivors (4096K)
 Metaspace       used 38325K, committed 38656K, reserved 1114112K
  class space    used 4113K, committed 4288K, reserved 1048576K
}
Event: 7.828 GC heap before
{Heap before GC invocations=13 (full 0):
 garbage-first heap   total 151552K, used 46274K [0x0000000702400000, 0x0000000800000000)
  region size 2048K, 3 young (6144K), 2 survivors (4096K)
 Metaspace       used 38337K, committed 38656K, reserved 1114112K
  class space    used 4113K, committed 4288K, reserved 1048576K
}
Event: 7.835 GC heap after
{Heap after GC invocations=14 (full 0):
 garbage-first heap   total 151552K, used 45276K [0x0000000702400000, 0x0000000800000000)
  region size 2048K, 1 young (2048K), 1 survivors (2048K)
 Metaspace       used 38337K, committed 38656K, reserved 1114112K
  class space    used 4113K, committed 4288K, reserved 1048576K
}
Event: 9.181 GC heap before
{Heap before GC invocations=14 (full 0):
 garbage-first heap   total 151552K, used 108764K [0x0000000702400000, 0x0000000800000000)
  region size 2048K, 32 young (65536K), 1 survivors (2048K)
 Metaspace       used 39846K, committed 40192K, reserved 1114112K
  class space    used 4264K, committed 4416K, reserved 1048576K
}
Event: 9.195 GC heap after
{Heap after GC invocations=15 (full 0):
 garbage-first heap   total 151552K, used 61440K [0x0000000702400000, 0x0000000800000000)
  region size 2048K, 4 young (8192K), 4 survivors (8192K)
 Metaspace       used 39846K, committed 40192K, reserved 1114112K
  class space    used 4264K, committed 4416K, reserved 1048576K
}
Event: 10.373 GC heap before
{Heap before GC invocations=15 (full 0):
 garbage-first heap   total 151552K, used 106496K [0x0000000702400000, 0x0000000800000000)
  region size 2048K, 26 young (53248K), 4 survivors (8192K)
 Metaspace       used 40327K, committed 40704K, reserved 1114112K
  class space    used 4308K, committed 4480K, reserved 1048576K
}
Event: 10.387 GC heap after
{Heap after GC invocations=16 (full 0):
 garbage-first heap   total 151552K, used 73247K [0x0000000702400000, 0x0000000800000000)
  region size 2048K, 4 young (8192K), 4 survivors (8192K)
 Metaspace       used 40327K, committed 40704K, reserved 1114112K
  class space    used 4308K, committed 4480K, reserved 1048576K
}
Event: 12.295 GC heap before
{Heap before GC invocations=16 (full 0):
 garbage-first heap   total 151552K, used 106015K [0x0000000702400000, 0x0000000800000000)
  region size 2048K, 21 young (43008K), 4 survivors (8192K)
 Metaspace       used 45922K, committed 46336K, reserved 1114112K
  class space    used 4978K, committed 5184K, reserved 1048576K
}
Event: 12.302 GC heap after
{Heap after GC invocations=17 (full 0):
 garbage-first heap   total 288768K, used 73243K [0x0000000702400000, 0x0000000800000000)
  region size 2048K, 2 young (4096K), 2 survivors (4096K)
 Metaspace       used 45922K, committed 46336K, reserved 1114112K
  class space    used 4978K, committed 5184K, reserved 1048576K
}
Event: 13.579 GC heap before
{Heap before GC invocations=17 (full 0):
 garbage-first heap   total 288768K, used 146971K [0x0000000702400000, 0x0000000800000000)
  region size 2048K, 11 young (22528K), 2 survivors (4096K)
 Metaspace       used 47359K, committed 47744K, reserved 1114112K
  class space    used 5120K, committed 5312K, reserved 1048576K
}
Event: 13.584 GC heap after
{Heap after GC invocations=18 (full 0):
 garbage-first heap   total 288768K, used 73748K [0x0000000702400000, 0x0000000800000000)
  region size 2048K, 2 young (4096K), 2 survivors (4096K)
 Metaspace       used 47359K, committed 47744K, reserved 1114112K
  class space    used 5120K, committed 5312K, reserved 1048576K
}
Event: 14.582 GC heap before
{Heap before GC invocations=18 (full 0):
 garbage-first heap   total 288768K, used 141332K [0x0000000702400000, 0x0000000800000000)
  region size 2048K, 8 young (16384K), 2 survivors (4096K)
 Metaspace       used 47439K, committed 47808K, reserved 1114112K
  class space    used 5120K, committed 5312K, reserved 1048576K
}
Event: 14.585 GC heap after
{Heap after GC invocations=19 (full 0):
 garbage-first heap   total 288768K, used 74056K [0x0000000702400000, 0x0000000800000000)
  region size 2048K, 2 young (4096K), 2 survivors (4096K)
 Metaspace       used 47439K, committed 47808K, reserved 1114112K
  class space    used 5120K, committed 5312K, reserved 1048576K
}
Event: 15.336 GC heap before
{Heap before GC invocations=19 (full 0):
 garbage-first heap   total 288768K, used 139592K [0x0000000702400000, 0x0000000800000000)
  region size 2048K, 7 young (14336K), 2 survivors (4096K)
 Metaspace       used 47534K, committed 47872K, reserved 1114112K
  class space    used 5122K, committed 5312K, reserved 1048576K
}
Event: 15.339 GC heap after
{Heap after GC invocations=20 (full 0):
 garbage-first heap   total 288768K, used 78438K [0x0000000702400000, 0x0000000800000000)
  region size 2048K, 3 young (6144K), 3 survivors (6144K)
 Metaspace       used 47534K, committed 47872K, reserved 1114112K
  class space    used 5122K, committed 5312K, reserved 1048576K
}
Event: 17.104 GC heap before
{Heap before GC invocations=20 (full 0):
 garbage-first heap   total 288768K, used 154214K [0x0000000702400000, 0x0000000800000000)
  region size 2048K, 15 young (30720K), 3 survivors (6144K)
 Metaspace       used 48672K, committed 49088K, reserved 1114112K
  class space    used 5213K, committed 5440K, reserved 1048576K
}
Event: 17.107 GC heap after
{Heap after GC invocations=21 (full 0):
 garbage-first heap   total 288768K, used 75060K [0x0000000702400000, 0x0000000800000000)
  region size 2048K, 3 young (6144K), 3 survivors (6144K)
 Metaspace       used 48672K, committed 49088K, reserved 1114112K
  class space    used 5213K, committed 5440K, reserved 1048576K
}

